kotlin version: 2.2.0
error message: java.lang.IllegalArgumentException: Function throwLinkageError not found
	at org.jetbrains.kotlin.backend.wasm.WasmSymbols.getFunction(WasmSymbols.kt:431)
	at org.jetbrains.kotlin.backend.wasm.WasmSymbols.getInternalFunction(WasmSymbols.kt:438)
	at org.jetbrains.kotlin.backend.wasm.WasmSymbols.<init>(WasmSymbols.kt:115)
	at org.jetbrains.kotlin.backend.wasm.WasmBackendContext.<init>(WasmBackendContext.kt:93)
	at org.jetbrains.kotlin.backend.wasm.WasmCompilerKt.compileToLoweredIr(wasmCompiler.kt:84)
	at org.jetbrains.kotlin.cli.pipeline.web.wasm.WasmBackendPipelinePhase.compileNonIncrementally$cli_js(WasmBackendPipelinePhase.kt:150)
	at org.jetbrains.kotlin.cli.pipeline.web.wasm.WasmBackendPipelinePhase.compileNonIncrementally(WasmBackendPipelinePhase.kt:106)
	at org.jetbrains.kotlin.cli.pipeline.web.wasm.WasmBackendPipelinePhase.compileNonIncrementally(WasmBackendPipelinePhase.kt:37)
	at org.jetbrains.kotlin.cli.pipeline.web.WebBackendPipelinePhase.executePhase(WebBackendPipelinePhase.kt:127)
	at org.jetbrains.kotlin.cli.pipeline.web.WebBackendPipelinePhase.executePhase(WebBackendPipelinePhase.kt:30)
	at org.jetbrains.kotlin.cli.pipeline.PipelinePhase.phaseBody(PipelinePhase.kt:68)
	at org.jetbrains.kotlin.cli.pipeline.PipelinePhase.phaseBody(PipelinePhase.kt:58)
	at org.jetbrains.kotlin.config.phaser.NamedCompilerPhase.invoke(CompilerPhase.kt:102)
	at org.jetbrains.kotlin.backend.common.phaser.CompositePhase.invoke(PhaseBuilders.kt:22)
	at org.jetbrains.kotlin.config.phaser.CompilerPhaseKt.invokeToplevel(CompilerPhase.kt:53)
	at org.jetbrains.kotlin.cli.pipeline.AbstractCliPipeline.runPhasedPipeline(AbstractCliPipeline.kt:109)
	at org.jetbrains.kotlin.cli.pipeline.AbstractCliPipeline.execute(AbstractCliPipeline.kt:68)
	at org.jetbrains.kotlin.cli.js.K2JSCompiler.doExecutePhased(K2JSCompiler.kt:66)
	at org.jetbrains.kotlin.cli.js.K2JSCompiler.doExecutePhased(K2JSCompiler.kt:53)
	at org.jetbrains.kotlin.cli.common.CLICompiler.execImpl(CLICompiler.kt:90)
	at org.jetbrains.kotlin.cli.common.CLICompiler.exec(CLICompiler.kt:352)
	at org.jetbrains.kotlin.daemon.CompileServiceImpl.compile(CompileServiceImpl.kt:1701)
	at java.base/jdk.internal.reflect.DirectMethodHandleAccessor.invoke(Unknown Source)
	at java.base/java.lang.reflect.Method.invoke(Unknown Source)
	at java.rmi/sun.rmi.server.UnicastServerRef.dispatch(Unknown Source)
	at java.rmi/sun.rmi.transport.Transport$1.run(Unknown Source)
	at java.rmi/sun.rmi.transport.Transport$1.run(Unknown Source)
	at java.base/java.security.AccessController.doPrivileged(Unknown Source)
	at java.rmi/sun.rmi.transport.Transport.serviceCall(Unknown Source)
	at java.rmi/sun.rmi.transport.tcp.TCPTransport.handleMessages(Unknown Source)
	at java.rmi/sun.rmi.transport.tcp.TCPTransport$ConnectionHandler.run0(Unknown Source)
	at java.rmi/sun.rmi.transport.tcp.TCPTransport$ConnectionHandler.lambda$run$0(Unknown Source)
	at java.base/java.security.AccessController.doPrivileged(Unknown Source)
	at java.rmi/sun.rmi.transport.tcp.TCPTransport$ConnectionHandler.run(Unknown Source)
	at java.base/java.util.concurrent.ThreadPoolExecutor.runWorker(Unknown Source)
	at java.base/java.util.concurrent.ThreadPoolExecutor$Worker.run(Unknown Source)
	at java.base/java.lang.Thread.run(Unknown Source)


